# JRE version: OpenJDK Runtime Environment (8.0_242-b01) (build 1.8.0_242-release-1644-b01)
# Java VM: OpenJDK 64-Bit Server VM (25.242-b01 mixed mode windows-amd64 compressed oops)
Heap:
 PSYoungGen      total 254976K, used 17238K [0x00000000d5580000, 0x00000000e8180000, 0x0000000100000000)
  eden space 229888K, 4% used [0x00000000d5580000,0x00000000d5f7cc70,0x00000000e3600000)
  from space 25088K, 27% used [0x00000000e3600000,0x00000000e3cd8e80,0x00000000e4e80000)
  to   space 24576K, 0% used [0x00000000e6980000,0x00000000e6980000,0x00000000e8180000)
 ParOldGen       total 200192K, used 61311K [0x0000000080000000, 0x000000008c380000, 0x00000000d5580000)
  object space 200192K, 30% used [0x0000000080000000,0x0000000083bdfd48,0x000000008c380000)
 Metaspace       used 93412K, capacity 98569K, committed 99276K, reserved 1134592K
  class space    used 12440K, capacity 13396K, committed 13568K, reserved 1048576K
GC Heap History (10 events):
Event: 125.766 GC heap before
{Heap before GC invocations=19 (full 3):
 PSYoungGen      total 232960K, used 232944K [0x00000000d5580000, 0x00000000e7700000, 0x0000000100000000)
  eden space 212992K, 100% used [0x00000000d5580000,0x00000000e2580000,0x00000000e2580000)
  from space 19968K, 99% used [0x00000000e2580000,0x00000000e38fc260,0x00000000e3900000)
  to   space 26112K, 0% used [0x00000000e5d80000,0x00000000e5d80000,0x00000000e7700000)
 ParOldGen       total 132608K, used 54952K [0x0000000080000000, 0x0000000088180000, 0x00000000d5580000)
  object space 132608K, 41% used [0x0000000080000000,0x00000000835aa038,0x0000000088180000)
 Metaspace       used 90527K, capacity 95524K, committed 95616K, reserved 1132544K
  class space    used 12243K, capacity 13139K, committed 13184K, reserved 1048576K
Event: 125.784 GC heap after
Heap after GC invocations=19 (full 3):
 PSYoungGen      total 259072K, used 3936K [0x00000000d5580000, 0x00000000e7180000, 0x0000000100000000)
  eden space 238592K, 0% used [0x00000000d5580000,0x00000000d5580000,0x00000000e3e80000)
  from space 20480K, 19% used [0x00000000e5d80000,0x00000000e6158010,0x00000000e7180000)
  to   space 26112K, 0% used [0x00000000e3e80000,0x00000000e3e80000,0x00000000e5800000)
 ParOldGen       total 132608K, used 68996K [0x0000000080000000, 0x0000000088180000, 0x00000000d5580000)
  object space 132608K, 52% used [0x0000000080000000,0x0000000084361378,0x0000000088180000)
 Metaspace       used 90527K, capacity 95524K, committed 95616K, reserved 1132544K
  class space    used 12243K, capacity 13139K, committed 13184K, reserved 1048576K
}
Event: 191.164 GC heap before
{Heap before GC invocations=20 (full 3):
 PSYoungGen      total 259072K, used 242528K [0x00000000d5580000, 0x00000000e7180000, 0x0000000100000000)
  eden space 238592K, 100% used [0x00000000d5580000,0x00000000e3e80000,0x00000000e3e80000)
  from space 20480K, 19% used [0x00000000e5d80000,0x00000000e6158010,0x00000000e7180000)
  to   space 26112K, 0% used [0x00000000e3e80000,0x00000000e3e80000,0x00000000e5800000)
 ParOldGen       total 132608K, used 68996K [0x0000000080000000, 0x0000000088180000, 0x00000000d5580000)
  object space 132608K, 52% used [0x0000000080000000,0x0000000084361378,0x0000000088180000)
 Metaspace       used 92265K, capacity 97650K, committed 97920K, reserved 1134592K
  class space    used 12418K, capacity 13382K, committed 13440K, reserved 1048576K
Event: 191.182 GC heap after
Heap after GC invocations=20 (full 3):
 PSYoungGen      total 242176K, used 11512K [0x00000000d5580000, 0x00000000e6680000, 0x0000000100000000)
  eden space 230400K, 0% used [0x00000000d5580000,0x00000000d5580000,0x00000000e3680000)
  from space 11776K, 97% used [0x00000000e3e80000,0x00000000e49be3e8,0x00000000e4a00000)
  to   space 24576K, 0% used [0x00000000e4e80000,0x00000000e4e80000,0x00000000e6680000)
 ParOldGen       total 132608K, used 69004K [0x0000000080000000, 0x0000000088180000, 0x00000000d5580000)
  object space 132608K, 52% used [0x0000000080000000,0x0000000084363378,0x0000000088180000)
 Metaspace       used 92265K, capacity 97650K, committed 97920K, reserved 1134592K
  class space    used 12418K, capacity 13382K, committed 13440K, reserved 1048576K
}
Event: 191.981 GC heap before
{Heap before GC invocations=21 (full 3):
 PSYoungGen      total 242176K, used 68614K [0x00000000d5580000, 0x00000000e6680000, 0x0000000100000000)
  eden space 230400K, 24% used [0x00000000d5580000,0x00000000d8d43460,0x00000000e3680000)
  from space 11776K, 97% used [0x00000000e3e80000,0x00000000e49be3e8,0x00000000e4a00000)
  to   space 24576K, 0% used [0x00000000e4e80000,0x00000000e4e80000,0x00000000e6680000)
 ParOldGen       total 132608K, used 69004K [0x0000000080000000, 0x0000000088180000, 0x00000000d5580000)
  object space 132608K, 52% used [0x0000000080000000,0x0000000084363378,0x0000000088180000)
 Metaspace       used 92917K, capacity 98351K, committed 98380K, reserved 1134592K
  class space    used 12471K, capacity 13440K, committed 13440K, reserved 1048576K
Event: 192.011 GC heap after
Heap after GC invocations=21 (full 3):
 PSYoungGen      total 254464K, used 15159K [0x00000000d5580000, 0x00000000e8380000, 0x0000000100000000)
  eden space 229888K, 0% used [0x00000000d5580000,0x00000000d5580000,0x00000000e3600000)
  from space 24576K, 61% used [0x00000000e4e80000,0x00000000e5d4dca0,0x00000000e6680000)
  to   space 25088K, 0% used [0x00000000e3600000,0x00000000e3600000,0x00000000e4e80000)
 ParOldGen       total 132608K, used 69012K [0x0000000080000000, 0x0000000088180000, 0x00000000d5580000)
  object space 132608K, 52% used [0x0000000080000000,0x0000000084365378,0x0000000088180000)
 Metaspace       used 92917K, capacity 98351K, committed 98380K, reserved 1134592K
  class space    used 12471K, capacity 13440K, committed 13440K, reserved 1048576K
}
Event: 192.011 GC heap before
{Heap before GC invocations=22 (full 4):
 PSYoungGen      total 254464K, used 15159K [0x00000000d5580000, 0x00000000e8380000, 0x0000000100000000)
  eden space 229888K, 0% used [0x00000000d5580000,0x00000000d5580000,0x00000000e3600000)
  from space 24576K, 61% used [0x00000000e4e80000,0x00000000e5d4dca0,0x00000000e6680000)
  to   space 25088K, 0% used [0x00000000e3600000,0x00000000e3600000,0x00000000e4e80000)
 ParOldGen       total 132608K, used 69012K [0x0000000080000000, 0x0000000088180000, 0x00000000d5580000)
  object space 132608K, 52% used [0x0000000080000000,0x0000000084365378,0x0000000088180000)
 Metaspace       used 92917K, capacity 98351K, committed 98380K, reserved 1134592K
  class space    used 12471K, capacity 13440K, committed 13440K, reserved 1048576K
Event: 192.277 GC heap after
Heap after GC invocations=22 (full 4):
 PSYoungGen      total 254464K, used 0K [0x00000000d5580000, 0x00000000e8380000, 0x0000000100000000)
  eden space 229888K, 0% used [0x00000000d5580000,0x00000000d5580000,0x00000000e3600000)
  from space 24576K, 0% used [0x00000000e4e80000,0x00000000e4e80000,0x00000000e6680000)
  to   space 25088K, 0% used [0x00000000e3600000,0x00000000e3600000,0x00000000e4e80000)
 ParOldGen       total 200192K, used 61303K [0x0000000080000000, 0x000000008c380000, 0x00000000d5580000)
  object space 200192K, 30% used [0x0000000080000000,0x0000000083bddd48,0x000000008c380000)
 Metaspace       used 92576K, capacity 97363K, committed 98380K, reserved 1134592K
  class space    used 12360K, capacity 13244K, committed 13440K, reserved 1048576K
}
Event: 328.282 GC heap before
{Heap before GC invocations=23 (full 4):
 PSYoungGen      total 254464K, used 229888K [0x00000000d5580000, 0x00000000e8380000, 0x0000000100000000)
  eden space 229888K, 100% used [0x00000000d5580000,0x00000000e3600000,0x00000000e3600000)
  from space 24576K, 0% used [0x00000000e4e80000,0x00000000e4e80000,0x00000000e6680000)
  to   space 25088K, 0% used [0x00000000e3600000,0x00000000e3600000,0x00000000e4e80000)
 ParOldGen       total 200192K, used 61303K [0x0000000080000000, 0x000000008c380000, 0x00000000d5580000)
  object space 200192K, 30% used [0x0000000080000000,0x0000000083bddd48,0x000000008c380000)
 Metaspace       used 93400K, capacity 98569K, committed 99276K, reserved 1134592K
  class space    used 12440K, capacity 13396K, committed 13568K, reserved 1048576K
Event: 328.292 GC heap after
Heap after GC invocations=23 (full 4):
 PSYoungGen      total 254976K, used 7011K [0x00000000d5580000, 0x00000000e8180000, 0x0000000100000000)
  eden space 229888K, 0% used [0x00000000d5580000,0x00000000d5580000,0x00000000e3600000)
  from space 25088K, 27% used [0x00000000e3600000,0x00000000e3cd8e80,0x00000000e4e80000)
  to   space 24576K, 0% used [0x00000000e6980000,0x00000000e6980000,0x00000000e8180000)
 ParOldGen       total 200192K, used 61311K [0x0000000080000000, 0x000000008c380000, 0x00000000d5580000)
  object space 200192K, 30% used [0x0000000080000000,0x0000000083bdfd48,0x000000008c380000)
 Metaspace       used 93400K, capacity 98569K, committed 99276K, reserved 1134592K
  class space    used 12440K, capacity 13396K, committed 13568K, reserved 1048576K
}

